[2019-06-21 08:35:56.776] [exthost] [info] extension host started
[2019-06-21 08:35:57.730] [exthost] [info] extension host started
[2019-06-21 08:35:57.751] [exthost] [info] ExtensionService#_doActivateExtension vscode.debug-auto-launch {"startup":true,"activationEvent":"*"}
[2019-06-21 08:35:57.751] [exthost] [info] ExtensionService#loadCommonJSModule c:\Users\msn71\.codemix\engine\resources\app\extensions\debug-auto-launch\dist\extension
[2019-06-21 08:35:57.756] [exthost] [info] ExtensionService#_doActivateExtension vscode.emmet {"startup":true,"activationEvent":"*"}
[2019-06-21 08:35:57.756] [exthost] [info] ExtensionService#loadCommonJSModule c:\Users\msn71\.codemix\engine\resources\app\extensions\emmet\dist\extension
[2019-06-21 08:35:57.780] [exthost] [info] ExtensionService#_doActivateExtension christian-kohler.path-intellisense {"startup":true,"activationEvent":"*"}
[2019-06-21 08:35:57.780] [exthost] [info] ExtensionService#loadCommonJSModule C:\Users\msn71\.codemix\extensions\christian-kohler.path-intellisense-1.4.2\out\src\extension
[2019-06-21 08:35:57.801] [exthost] [info] ExtensionService#_doActivateExtension dbaeumer.vscode-eslint {"startup":true,"activationEvent":"*"}
[2019-06-21 08:35:57.801] [exthost] [info] ExtensionService#loadCommonJSModule C:\Users\msn71\.codemix\extensions\dbaeumer.vscode-eslint-1.8.2\client\out\extension
[2019-06-21 08:35:57.850] [exthost] [info] ExtensionService#_doActivateExtension formulahendry.auto-close-tag {"startup":true,"activationEvent":"*"}
[2019-06-21 08:35:57.850] [exthost] [info] ExtensionService#loadCommonJSModule C:\Users\msn71\.codemix\extensions\formulahendry.auto-close-tag-0.5.6\out\src\extension
[2019-06-21 08:35:57.853] [exthost] [info] ExtensionService#_doActivateExtension formulahendry.auto-rename-tag {"startup":true,"activationEvent":"*"}
[2019-06-21 08:35:57.853] [exthost] [info] ExtensionService#loadCommonJSModule C:\Users\msn71\.codemix\extensions\formulahendry.auto-rename-tag-0.0.15\out\src\extension
[2019-06-21 08:35:57.857] [exthost] [info] ExtensionService#_doActivateExtension vscode.configuration-editing {"startup":false,"activationEvent":"onLanguage:jsonc"}
[2019-06-21 08:35:57.857] [exthost] [info] ExtensionService#loadCommonJSModule c:\Users\msn71\.codemix\engine\resources\app\extensions\configuration-editing\dist\extension
[2019-06-21 08:35:57.867] [exthost] [info] ExtensionService#_doActivateExtension vscode.json-language-features {"startup":false,"activationEvent":"onLanguage:jsonc"}
[2019-06-21 08:35:57.867] [exthost] [info] ExtensionService#loadCommonJSModule c:\Users\msn71\.codemix\engine\resources\app\extensions\json-language-features\client\dist\jsonMain
[2019-06-21 08:35:57.956] [exthost] [info] ExtensionService#_doActivateExtension vscode.typescript-language-features {"startup":false,"activationEvent":"onLanguage:jsonc"}
[2019-06-21 08:35:57.956] [exthost] [info] ExtensionService#loadCommonJSModule c:\Users\msn71\.codemix\engine\resources\app\extensions\typescript-language-features\dist\extension
[2019-06-21 08:35:58.040] [exthost] [info] ExtensionService#_doActivateExtension vscode.grunt {"startup":false,"activationEvent":"onCommand:workbench.action.tasks.runTask"}
[2019-06-21 08:35:58.040] [exthost] [info] ExtensionService#loadCommonJSModule c:\Users\msn71\.codemix\engine\resources\app\extensions\grunt\dist\main
[2019-06-21 08:35:58.045] [exthost] [info] ExtensionService#_doActivateExtension vscode.gulp {"startup":false,"activationEvent":"onCommand:workbench.action.tasks.runTask"}
[2019-06-21 08:35:58.045] [exthost] [info] ExtensionService#loadCommonJSModule c:\Users\msn71\.codemix\engine\resources\app\extensions\gulp\dist\main
[2019-06-21 08:35:58.050] [exthost] [info] ExtensionService#_doActivateExtension vscode.jake {"startup":false,"activationEvent":"onCommand:workbench.action.tasks.runTask"}
[2019-06-21 08:35:58.050] [exthost] [info] ExtensionService#loadCommonJSModule c:\Users\msn71\.codemix\engine\resources\app\extensions\jake\dist\main
[2019-06-21 08:35:58.055] [exthost] [info] ExtensionService#_doActivateExtension vscode.npm {"startup":false,"activationEvent":"onCommand:workbench.action.tasks.runTask"}
[2019-06-21 08:35:58.055] [exthost] [info] ExtensionService#loadCommonJSModule c:\Users\msn71\.codemix\engine\resources\app\extensions\npm\dist\main
[2019-06-21 08:35:58.082] [exthost] [info] eager extensions activated
[2019-06-21 08:36:09.360] [exthost] [info] extension host started
[2019-06-21 08:36:10.076] [exthost] [info] extension host started
[2019-06-21 08:36:10.097] [exthost] [info] ExtensionService#_doActivateExtension vscode.debug-auto-launch {"startup":true,"activationEvent":"*"}
[2019-06-21 08:36:10.097] [exthost] [info] ExtensionService#loadCommonJSModule c:\Users\msn71\.codemix\engine\resources\app\extensions\debug-auto-launch\dist\extension
[2019-06-21 08:36:10.102] [exthost] [info] ExtensionService#_doActivateExtension vscode.emmet {"startup":true,"activationEvent":"*"}
[2019-06-21 08:36:10.102] [exthost] [info] ExtensionService#loadCommonJSModule c:\Users\msn71\.codemix\engine\resources\app\extensions\emmet\dist\extension
[2019-06-21 08:36:10.107] [exthost] [info] ExtensionService#_doActivateExtension christian-kohler.path-intellisense {"startup":true,"activationEvent":"*"}
[2019-06-21 08:36:10.107] [exthost] [info] ExtensionService#loadCommonJSModule C:\Users\msn71\.codemix\extensions\christian-kohler.path-intellisense-1.4.2\out\src\extension
[2019-06-21 08:36:10.130] [exthost] [info] ExtensionService#_doActivateExtension dbaeumer.vscode-eslint {"startup":true,"activationEvent":"*"}
[2019-06-21 08:36:10.130] [exthost] [info] ExtensionService#loadCommonJSModule C:\Users\msn71\.codemix\extensions\dbaeumer.vscode-eslint-1.9.0\client\out\extension
[2019-06-21 08:36:10.195] [exthost] [info] ExtensionService#_doActivateExtension formulahendry.auto-close-tag {"startup":true,"activationEvent":"*"}
[2019-06-21 08:36:10.195] [exthost] [info] ExtensionService#loadCommonJSModule C:\Users\msn71\.codemix\extensions\formulahendry.auto-close-tag-0.5.6\out\src\extension
[2019-06-21 08:36:10.197] [exthost] [info] ExtensionService#_doActivateExtension formulahendry.auto-rename-tag {"startup":true,"activationEvent":"*"}
[2019-06-21 08:36:10.197] [exthost] [info] ExtensionService#loadCommonJSModule C:\Users\msn71\.codemix\extensions\formulahendry.auto-rename-tag-0.0.15\out\src\extension
[2019-06-21 08:36:10.201] [exthost] [info] ExtensionService#_doActivateExtension vscode.grunt {"startup":false,"activationEvent":"onCommand:workbench.action.tasks.runTask"}
[2019-06-21 08:36:10.201] [exthost] [info] ExtensionService#loadCommonJSModule c:\Users\msn71\.codemix\engine\resources\app\extensions\grunt\dist\main
[2019-06-21 08:36:10.206] [exthost] [info] ExtensionService#_doActivateExtension vscode.gulp {"startup":false,"activationEvent":"onCommand:workbench.action.tasks.runTask"}
[2019-06-21 08:36:10.206] [exthost] [info] ExtensionService#loadCommonJSModule c:\Users\msn71\.codemix\engine\resources\app\extensions\gulp\dist\main
[2019-06-21 08:36:10.208] [exthost] [info] ExtensionService#_doActivateExtension vscode.jake {"startup":false,"activationEvent":"onCommand:workbench.action.tasks.runTask"}
[2019-06-21 08:36:10.208] [exthost] [info] ExtensionService#loadCommonJSModule c:\Users\msn71\.codemix\engine\resources\app\extensions\jake\dist\main
[2019-06-21 08:36:10.210] [exthost] [info] ExtensionService#_doActivateExtension vscode.npm {"startup":false,"activationEvent":"onCommand:workbench.action.tasks.runTask"}
[2019-06-21 08:36:10.210] [exthost] [info] ExtensionService#loadCommonJSModule c:\Users\msn71\.codemix\engine\resources\app\extensions\npm\dist\main
[2019-06-21 08:36:10.240] [exthost] [info] ExtensionService#_doActivateExtension vscode.typescript-language-features {"startup":false,"activationEvent":"onCommand:workbench.action.tasks.runTask"}
[2019-06-21 08:36:10.240] [exthost] [info] ExtensionService#loadCommonJSModule c:\Users\msn71\.codemix\engine\resources\app\extensions\typescript-language-features\dist\extension
[2019-06-21 08:36:10.318] [exthost] [info] eager extensions activated
